[debug] [2018-12-04T04:48:43.740Z] ----------------------------------------------------------------------
[debug] [2018-12-04T04:48:43.742Z] Command:       C:\Program Files\nodejs\node.exe C:\Users\Liam\AppData\Roaming\npm\node_modules\firebase-tools\lib\bin\firebase.js serve --only functions
[debug] [2018-12-04T04:48:43.742Z] CLI Version:   6.1.2
[debug] [2018-12-04T04:48:43.742Z] Platform:      win32
[debug] [2018-12-04T04:48:43.742Z] Node Version:  v8.9.3
[debug] [2018-12-04T04:48:43.742Z] Time:          Mon Dec 03 2018 23:48:43 GMT-0500 (Eastern Standard Time)
[debug] [2018-12-04T04:48:43.742Z] ----------------------------------------------------------------------
[debug] 
[debug] [2018-12-04T04:48:43.754Z] > command requires scopes: ["email","openid","https://www.googleapis.com/auth/cloudplatformprojects.readonly","https://www.googleapis.com/auth/firebase","https://www.googleapis.com/auth/cloud-platform"]
[debug] [2018-12-04T04:48:43.754Z] > authorizing via signed-in user
[debug] [2018-12-04T04:48:43.754Z] [iam] checking project fortniteviewer-cc3f9 for permissions ["firebase.projects.get"]
[debug] [2018-12-04T04:48:43.756Z] > refreshing access token with scopes: ["email","https://www.googleapis.com/auth/cloud-platform","https://www.googleapis.com/auth/cloudplatformprojects.readonly","https://www.googleapis.com/auth/firebase","openid"]
[debug] [2018-12-04T04:48:43.756Z] >>> HTTP REQUEST POST https://www.googleapis.com/oauth2/v3/token  
 <request body omitted>
[debug] [2018-12-04T04:48:43.983Z] <<< HTTP RESPONSE 200
[debug] [2018-12-04T04:48:43.987Z] >>> HTTP REQUEST POST https://cloudresourcemanager.googleapis.com/v1/projects/fortniteviewer-cc3f9:testIamPermissions  

[debug] [2018-12-04T04:48:44.306Z] <<< HTTP RESPONSE 200
[debug] [2018-12-04T04:48:44.307Z] >>> HTTP REQUEST GET https://cloudresourcemanager.googleapis.com/v1/projects/fortniteviewer-cc3f9  
 
[debug] [2018-12-04T04:48:44.689Z] <<< HTTP RESPONSE 200
[info] 
[info] === Serving from 'D:\Documents\Programming\github\fortniteviewer'...
[info] 
[info] i  functions: Preparing to emulate functions.
[debug] [2018-12-04T04:48:45.295Z] Fetching environment
[debug] [2018-12-04T04:48:45.297Z] >>> HTTP REQUEST GET https://mobilesdk-pa.googleapis.com/v1/projects/13273579402:getServerAppConfig  
 
[debug] [2018-12-04T04:48:45.611Z] <<< HTTP RESPONSE 200
[debug] [2018-12-04T04:48:45.612Z] Starting @google-cloud/functions-emulator
[debug] [2018-12-04T04:48:47.130Z] Parsing function triggers
[warn] !  functions: Error from emulator. [object Object]
[debug] [2018-12-04T04:48:54.843Z] 
[info] Shutting down...
